2025-12-10 10:11:23,457 [INFO] Activator:176 - 


2025-12-10 10:11:23,462 [INFO] Activator:177 - !SESSION log4j initialized
2025-12-10 10:11:29,519 [INFO] LogOutputStream:77 - [STDOUT_REDIRECT] 
2025-12-10 10:11:32,882 [INFO] ApplicationProperties:184 - Using Application install path: C:\ST\STM32CubeIDE_1.19.0\STM32CubeIDE\plugins\com.st.stm32cube.common.mx_6.15.0.202507011659
2025-12-10 10:11:32,920 [INFO] DbMcusXml:78 - Set database path to: C:\ST\STM32CubeIDE_1.19.0\STM32CubeIDE\plugins\com.st.stm32cube.common.mx_6.15.0.202507011659\\db\/mcu/
2025-12-10 10:11:32,920 [INFO] ApiDb:274 - Set plugin database path to: C:\ST\STM32CubeIDE_1.19.0\STM32CubeIDE\plugins\com.st.stm32cube.common.mx_6.15.0.202507011659\\db\/plugins/boardmanager/
2025-12-10 10:11:32,922 [WARN] ApiDb:259 - Overriding images path with different value:  => C:\ST\STM32CubeIDE_1.19.0\STM32CubeIDE\plugins\com.st.stm32cube.common.mx_6.15.0.202507011659\\db\/plugins/mcufinder/images/
2025-12-10 10:11:32,939 [INFO] ApiDb:250 - Set database path to: C:\Users\chand\.stmcufinder\plugins\mcufinder//mcu/
2025-12-10 10:11:32,941 [INFO] DbMcusAds:125 - Set database path to: C:\Users\chand\.stmcufinder\plugins\mcufinder//mcu/
2025-12-10 10:11:32,946 [INFO] CrossReferenceDbSqlite:203 - Set database path to: C:\Users\chand\.stmcufinder\plugins\mcufinder//mcu/cs/
2025-12-10 10:11:33,118 [INFO] RulesReader:64 - Compatibility file has been processed (317 Rules)
2025-12-10 10:11:33,271 [INFO] DbMcusXml:78 - Set database path to: C:\ST\STM32CubeIDE_1.19.0\STM32CubeIDE\plugins\com.st.stm32cube.common.mx_6.15.0.202507011659\\db\/mcu/
2025-12-10 10:11:33,271 [INFO] ApiDb:274 - Set plugin database path to: C:\ST\STM32CubeIDE_1.19.0\STM32CubeIDE\plugins\com.st.stm32cube.common.mx_6.15.0.202507011659\\db\/plugins/boardmanager/
2025-12-10 10:11:33,271 [INFO] ApiDb:261 - Set plugin images path to: C:\ST\STM32CubeIDE_1.19.0\STM32CubeIDE\plugins\com.st.stm32cube.common.mx_6.15.0.202507011659\\db\/plugins/mcufinder/images/
2025-12-10 10:11:33,273 [WARN] DbFile:41 - Overriding database path with different value: C:\Users\chand\.stmcufinder\plugins\mcufinder/ => C:\Users\chand\.stmcufinder\plugins\mcufinder
2025-12-10 10:11:33,273 [INFO] ApiDb:250 - Set database path to: C:\Users\chand\.stmcufinder\plugins\mcufinder//mcu/
2025-12-10 10:11:33,273 [WARN] DbFile:41 - Overriding database path with different value: C:\Users\chand\.stmcufinder\plugins\mcufinder/ => C:\Users\chand\.stmcufinder\plugins\mcufinder
2025-12-10 10:11:33,273 [INFO] DbMcusAds:125 - Set database path to: C:\Users\chand\.stmcufinder\plugins\mcufinder//mcu/
2025-12-10 10:11:33,273 [WARN] DbFile:41 - Overriding database path with different value: C:\Users\chand\.stmcufinder\plugins\mcufinder/ => C:\Users\chand\.stmcufinder\plugins\mcufinder
2025-12-10 10:11:33,273 [WARN] DbFile:41 - Overriding database path with different value: C:\Users\chand\.stmcufinder\plugins\mcufinder/ => C:\Users\chand\.stmcufinder\plugins\mcufinder
2025-12-10 10:11:33,273 [INFO] CrossReferenceDbSqlite:203 - Set database path to: C:\Users\chand\.stmcufinder\plugins\mcufinder//mcu/cs/
2025-12-10 10:11:33,419 [INFO] MainPanel:274 - HeapMemory: 268435456
2025-12-10 10:11:33,614 [INFO] DbMcusXml:78 - Set database path to: C:\ST\STM32CubeIDE_1.19.0\STM32CubeIDE\plugins\com.st.stm32cube.common.mx_6.15.0.202507011659\\db\/mcu/
2025-12-10 10:11:33,614 [INFO] ApiDb:274 - Set plugin database path to: C:\ST\STM32CubeIDE_1.19.0\STM32CubeIDE\plugins\com.st.stm32cube.common.mx_6.15.0.202507011659\\db\/plugins/boardmanager/
2025-12-10 10:11:33,614 [INFO] ApiDb:261 - Set plugin images path to: C:\ST\STM32CubeIDE_1.19.0\STM32CubeIDE\plugins\com.st.stm32cube.common.mx_6.15.0.202507011659\\db\/plugins/mcufinder/images/
2025-12-10 10:11:33,615 [WARN] DbFile:41 - Overriding database path with different value: C:\Users\chand\.stmcufinder\plugins\mcufinder/ => C:\Users\chand\.stmcufinder\plugins\mcufinder
2025-12-10 10:11:33,615 [INFO] ApiDb:250 - Set database path to: C:\Users\chand\.stmcufinder\plugins\mcufinder//mcu/
2025-12-10 10:11:33,615 [WARN] DbFile:41 - Overriding database path with different value: C:\Users\chand\.stmcufinder\plugins\mcufinder/ => C:\Users\chand\.stmcufinder\plugins\mcufinder
2025-12-10 10:11:33,615 [INFO] DbMcusAds:125 - Set database path to: C:\Users\chand\.stmcufinder\plugins\mcufinder//mcu/
2025-12-10 10:11:33,617 [WARN] DbFile:41 - Overriding database path with different value: C:\Users\chand\.stmcufinder\plugins\mcufinder/ => C:\Users\chand\.stmcufinder\plugins\mcufinder
2025-12-10 10:11:33,617 [WARN] DbFile:41 - Overriding database path with different value: C:\Users\chand\.stmcufinder\plugins\mcufinder/ => C:\Users\chand\.stmcufinder\plugins\mcufinder
2025-12-10 10:11:33,617 [INFO] CrossReferenceDbSqlite:203 - Set database path to: C:\Users\chand\.stmcufinder\plugins\mcufinder//mcu/cs/
2025-12-10 10:11:33,646 [INFO] ApplicationProperties:184 - Using Application install path: C:\ST\STM32CubeIDE_1.19.0\STM32CubeIDE\plugins\com.st.stm32cube.common.mx_6.15.0.202507011659
2025-12-10 10:11:33,648 [INFO] PluginManage:196 - Search for loadable plugins [exclusion list=, ]
2025-12-10 10:11:33,651 [INFO] PluginManage:310 - Check plugin analytics
2025-12-10 10:11:33,946 [INFO] AnalyticsPlugin:253 - Accepted Software Licenses: 
2025-12-10 10:11:33,947 [INFO] AnalyticsPlugin:255 - Accepted CMSIS Pack Licenses: 
2025-12-10 10:11:33,947 [INFO] AnalyticsPlugin:257 - Accepted Firmware Licenses: FW.F4.1.28.0,FW.L4.1.18.0
2025-12-10 10:11:33,951 [INFO] PluginManage:359 - Loaded plugin analytics (category:tool,tabindex:-1)
2025-12-10 10:11:33,952 [INFO] PluginManage:310 - Check plugin cadmodel
2025-12-10 10:11:33,962 [INFO] CADModel:105 - Init CAD model plugin
2025-12-10 10:11:33,963 [INFO] PluginManage:359 - Loaded plugin cadmodel (category:power,tabindex:5)
2025-12-10 10:11:33,963 [INFO] PluginManage:310 - Check plugin clock
2025-12-10 10:11:33,981 [INFO] PluginManage:359 - Loaded plugin clock (category:base,tabindex:2)
2025-12-10 10:11:33,981 [INFO] PluginManage:310 - Check plugin ddr
2025-12-10 10:11:33,986 [INFO] PluginManage:359 - Loaded plugin ddr (category:tool,tabindex:6)
2025-12-10 10:11:33,986 [INFO] PluginManage:310 - Check plugin filemanager
2025-12-10 10:11:34,233 [INFO] PluginManage:359 - Loaded plugin filemanager (category:base,tabindex:10)
2025-12-10 10:11:34,233 [INFO] PluginManage:310 - Check plugin ipmanager
2025-12-10 10:11:34,245 [INFO] PluginManage:359 - Loaded plugin ipmanager (category:base,tabindex:5)
2025-12-10 10:11:34,245 [INFO] PluginManage:310 - Check plugin lpbam
2025-12-10 10:11:34,258 [INFO] PluginManage:359 - Loaded plugin lpbam (category:base,tabindex:0)
2025-12-10 10:11:34,258 [INFO] PluginManage:310 - Check plugin memorymap
2025-12-10 10:11:34,285 [INFO] PluginManage:359 - Loaded plugin memorymap (category:base,tabindex:4)
2025-12-10 10:11:34,286 [INFO] PluginManage:310 - Check plugin pinoutandconfiguration
2025-12-10 10:11:34,301 [INFO] PluginManage:359 - Loaded plugin pinoutandconfiguration (category:base,tabindex:1)
2025-12-10 10:11:34,301 [INFO] PluginManage:310 - Check plugin pinoutconfig
2025-12-10 10:11:34,446 [WARN] SupportedApi:132 - Cannot load RTOS API schema: s4s-elt-must-match.1: The content of 'definitions' must match (annotation?, (simpleType | complexType)?, (unique | key | keyref)*)). A problem was found starting at: attribute.
2025-12-10 10:11:34,603 [INFO] PluginManage:359 - Loaded plugin pinoutconfig (category:base,tabindex:0)
2025-12-10 10:11:34,603 [INFO] PluginManage:310 - Check plugin power
2025-12-10 10:11:34,612 [INFO] PluginManage:359 - Loaded plugin power (category:power,tabindex:4)
2025-12-10 10:11:34,612 [INFO] PluginManage:310 - Check plugin projectmanager
2025-12-10 10:11:34,627 [INFO] PluginManage:359 - Loaded plugin projectmanager (category:projectmanager,tabindex:4)
2025-12-10 10:11:34,627 [INFO] PluginManage:310 - Check plugin rif
2025-12-10 10:11:34,637 [INFO] PluginManage:359 - Loaded plugin rif (category:base,tabindex:3)
2025-12-10 10:11:34,637 [INFO] PluginManage:310 - Check plugin thirdparty
2025-12-10 10:11:34,793 [INFO] PluginManage:359 - Loaded plugin thirdparty (category:base,tabindex:-1)
2025-12-10 10:11:34,793 [INFO] PluginManage:310 - Check plugin tools
2025-12-10 10:11:34,793 [WARN] IntegrityCheckThread:84 - waiting for thirdparty lock release [integrity check]
2025-12-10 10:11:34,794 [INFO] IntegrityCheckThread:86 - entering critical section [integrity check]
2025-12-10 10:11:34,794 [INFO] ThirdPartyUpdaterWithRetryManager:70 - Updater plugin not ready yet. [1/15]
2025-12-10 10:11:34,796 [INFO] PluginManage:359 - Loaded plugin tools (category:base,tabindex:7)
2025-12-10 10:11:34,796 [INFO] PluginManage:310 - Check plugin tutovideos
2025-12-10 10:11:35,008 [INFO] PluginManage:359 - Loaded plugin tutovideos (category:base,tabindex:-1)
2025-12-10 10:11:35,008 [INFO] PluginManage:310 - Check plugin updater
2025-12-10 10:11:35,030 [INFO] PluginManage:359 - Loaded plugin updater (category:base,tabindex:12)
2025-12-10 10:11:35,031 [INFO] PluginManage:310 - Check plugin userauth
2025-12-10 10:11:35,035 [INFO] UserAuth:118 - Init User Auth plugin
2025-12-10 10:11:35,036 [INFO] PluginManage:359 - Loaded plugin userauth (category:base,tabindex:14)
2025-12-10 10:11:35,036 [INFO] PluginManage:283 - PluginManage : Loaded plugins [18]
2025-12-10 10:11:35,280 [INFO] PinOutPanel:1589 - setPackage(No Configuration,No Configuration)
2025-12-10 10:11:35,350 [INFO] CADModel:165 - CPN selected for project level
2025-12-10 10:11:35,350 [INFO] CADModel:114 - Register for checkConnection events
2025-12-10 10:11:35,368 [INFO] IPUIPlugin:80 - create IPUIPlugin
2025-12-10 10:11:35,368 [INFO] PluginManager:220 - loadIPPluginJar : add adc
2025-12-10 10:11:35,371 [INFO] IPUIPlugin:80 - create IPUIPlugin
2025-12-10 10:11:35,371 [INFO] PluginManager:220 - loadIPPluginJar : add aes
2025-12-10 10:11:35,375 [INFO] IPUIPlugin:80 - create IPUIPlugin
2025-12-10 10:11:35,376 [INFO] PluginManager:220 - loadIPPluginJar : add can
2025-12-10 10:11:35,378 [INFO] IPUIPlugin:80 - create IPUIPlugin
2025-12-10 10:11:35,378 [INFO] PluginManager:220 - loadIPPluginJar : add comp
2025-12-10 10:11:35,381 [INFO] IPUIPlugin:80 - create IPUIPlugin
2025-12-10 10:11:35,381 [INFO] PluginManager:220 - loadIPPluginJar : add cryp
2025-12-10 10:11:35,384 [INFO] IPUIPlugin:80 - create IPUIPlugin
2025-12-10 10:11:35,385 [INFO] PluginManager:220 - loadIPPluginJar : add ddr_ctrl_phy
2025-12-10 10:11:35,387 [INFO] IPUIPlugin:80 - create IPUIPlugin
2025-12-10 10:11:35,387 [INFO] PluginManager:220 - loadIPPluginJar : add dfsdm
2025-12-10 10:11:35,391 [INFO] IPUIPlugin:80 - create IPUIPlugin
2025-12-10 10:11:35,391 [INFO] PluginManager:220 - loadIPPluginJar : add dma
2025-12-10 10:11:35,394 [INFO] IPUIPlugin:80 - create IPUIPlugin
2025-12-10 10:11:35,394 [INFO] PluginManager:220 - loadIPPluginJar : add dma3
2025-12-10 10:11:35,396 [INFO] IPUIPlugin:80 - create IPUIPlugin
2025-12-10 10:11:35,396 [INFO] PluginManager:220 - loadIPPluginJar : add extmemmanager
2025-12-10 10:11:35,398 [INFO] IPUIPlugin:80 - create IPUIPlugin
2025-12-10 10:11:35,398 [INFO] PluginManager:220 - loadIPPluginJar : add fatfs
2025-12-10 10:11:35,401 [INFO] IPUIPlugin:80 - create IPUIPlugin
2025-12-10 10:11:35,401 [INFO] PluginManager:220 - loadIPPluginJar : add fmc
2025-12-10 10:11:35,408 [INFO] IPUIPlugin:80 - create IPUIPlugin
2025-12-10 10:11:35,408 [INFO] PluginManager:220 - loadIPPluginJar : add freertos
2025-12-10 10:11:35,410 [INFO] IPUIPlugin:80 - create IPUIPlugin
2025-12-10 10:11:35,410 [INFO] PluginManager:220 - loadIPPluginJar : add genericplugin
2025-12-10 10:11:35,412 [INFO] IPUIPlugin:80 - create IPUIPlugin
2025-12-10 10:11:35,412 [INFO] PluginManager:220 - loadIPPluginJar : add gfxmmu
2025-12-10 10:11:35,415 [INFO] IPUIPlugin:80 - create IPUIPlugin
2025-12-10 10:11:35,415 [INFO] PluginManager:220 - loadIPPluginJar : add gic
2025-12-10 10:11:35,427 [INFO] IPUIPlugin:80 - create IPUIPlugin
2025-12-10 10:11:35,427 [INFO] PluginManager:220 - loadIPPluginJar : add gpio
2025-12-10 10:11:35,430 [INFO] IPUIPlugin:80 - create IPUIPlugin
2025-12-10 10:11:35,430 [INFO] PluginManager:220 - loadIPPluginJar : add gtzc
2025-12-10 10:11:35,433 [INFO] IPUIPlugin:80 - create IPUIPlugin
2025-12-10 10:11:35,433 [INFO] PluginManager:220 - loadIPPluginJar : add hash
2025-12-10 10:11:35,436 [INFO] IPUIPlugin:80 - create IPUIPlugin
2025-12-10 10:11:35,436 [INFO] PluginManager:220 - loadIPPluginJar : add i2c
2025-12-10 10:11:35,438 [INFO] IPUIPlugin:80 - create IPUIPlugin
2025-12-10 10:11:35,438 [INFO] PluginManager:220 - loadIPPluginJar : add i2s
2025-12-10 10:11:35,441 [INFO] IPUIPlugin:80 - create IPUIPlugin
2025-12-10 10:11:35,441 [INFO] PluginManager:220 - loadIPPluginJar : add i3c
2025-12-10 10:11:35,444 [INFO] IPUIPlugin:80 - create IPUIPlugin
2025-12-10 10:11:35,444 [INFO] PluginManager:220 - loadIPPluginJar : add ipddr
2025-12-10 10:11:35,449 [INFO] IPUIPlugin:80 - create IPUIPlugin
2025-12-10 10:11:35,449 [INFO] PluginManager:220 - loadIPPluginJar : add linkedlist
2025-12-10 10:11:35,454 [INFO] IPUIPlugin:80 - create IPUIPlugin
2025-12-10 10:11:35,454 [INFO] PluginManager:220 - loadIPPluginJar : add lorawan
2025-12-10 10:11:35,455 [INFO] IPUIPlugin:80 - create IPUIPlugin
2025-12-10 10:11:35,455 [INFO] PluginManager:220 - loadIPPluginJar : add ltdc
2025-12-10 10:11:35,460 [INFO] IPUIPlugin:80 - create IPUIPlugin
2025-12-10 10:11:35,460 [INFO] PluginManager:220 - loadIPPluginJar : add mdma
2025-12-10 10:11:35,476 [INFO] IPUIPlugin:80 - create IPUIPlugin
2025-12-10 10:11:35,477 [INFO] PluginManager:220 - loadIPPluginJar : add nvic
2025-12-10 10:11:35,482 [INFO] IPUIPlugin:80 - create IPUIPlugin
2025-12-10 10:11:35,482 [INFO] PluginManager:220 - loadIPPluginJar : add opamp
2025-12-10 10:11:35,485 [INFO] IPUIPlugin:80 - create IPUIPlugin
2025-12-10 10:11:35,485 [INFO] PluginManager:220 - loadIPPluginJar : add openamp
2025-12-10 10:11:35,489 [INFO] IPUIPlugin:80 - create IPUIPlugin
2025-12-10 10:11:35,489 [INFO] PluginManager:220 - loadIPPluginJar : add pdm2pcm
2025-12-10 10:11:35,494 [INFO] IPUIPlugin:80 - create IPUIPlugin
2025-12-10 10:11:35,497 [INFO] PluginManager:220 - loadIPPluginJar : add plateformsettings
2025-12-10 10:11:35,500 [INFO] IPUIPlugin:80 - create IPUIPlugin
2025-12-10 10:11:35,500 [INFO] PluginManager:220 - loadIPPluginJar : add quadspi
2025-12-10 10:11:35,502 [INFO] IPUIPlugin:80 - create IPUIPlugin
2025-12-10 10:11:35,502 [INFO] PluginManager:220 - loadIPPluginJar : add radio
2025-12-10 10:11:35,506 [INFO] IPUIPlugin:80 - create IPUIPlugin
2025-12-10 10:11:35,506 [INFO] PluginManager:220 - loadIPPluginJar : add resmgrutility
2025-12-10 10:11:35,509 [INFO] IPUIPlugin:80 - create IPUIPlugin
2025-12-10 10:11:35,509 [INFO] PluginManager:220 - loadIPPluginJar : add sai
2025-12-10 10:11:35,512 [INFO] IPUIPlugin:80 - create IPUIPlugin
2025-12-10 10:11:35,512 [INFO] PluginManager:220 - loadIPPluginJar : add spi
2025-12-10 10:11:35,515 [INFO] IPUIPlugin:80 - create IPUIPlugin
2025-12-10 10:11:35,517 [INFO] PluginManager:220 - loadIPPluginJar : add stm32_wpan
2025-12-10 10:11:35,518 [INFO] IPUIPlugin:80 - create IPUIPlugin
2025-12-10 10:11:35,518 [INFO] PluginManager:220 - loadIPPluginJar : add tim
2025-12-10 10:11:35,520 [INFO] IPUIPlugin:80 - create IPUIPlugin
2025-12-10 10:11:35,521 [INFO] PluginManager:220 - loadIPPluginJar : add touchsensing
2025-12-10 10:11:35,523 [INFO] IPUIPlugin:80 - create IPUIPlugin
2025-12-10 10:11:35,523 [INFO] PluginManager:220 - loadIPPluginJar : add tracer_emb
2025-12-10 10:11:35,524 [INFO] IPUIPlugin:80 - create IPUIPlugin
2025-12-10 10:11:35,524 [INFO] PluginManager:220 - loadIPPluginJar : add ts
2025-12-10 10:11:35,525 [INFO] IPUIPlugin:80 - create IPUIPlugin
2025-12-10 10:11:35,525 [INFO] PluginManager:220 - loadIPPluginJar : add tsc
2025-12-10 10:11:35,527 [INFO] IPUIPlugin:80 - create IPUIPlugin
2025-12-10 10:11:35,527 [INFO] PluginManager:220 - loadIPPluginJar : add ucpd
2025-12-10 10:11:35,529 [INFO] IPUIPlugin:80 - create IPUIPlugin
2025-12-10 10:11:35,529 [INFO] PluginManager:220 - loadIPPluginJar : add usart
2025-12-10 10:11:35,532 [INFO] IPUIPlugin:80 - create IPUIPlugin
2025-12-10 10:11:35,532 [INFO] PluginManager:220 - loadIPPluginJar : add usbx
2025-12-10 10:11:35,645 [FATAL] Updater:351 - Updater called before beeing initialized
2025-12-10 10:11:35,667 [INFO] RulesReader:64 - Compatibility file has been processed (317 Rules)
2025-12-10 10:11:35,675 [INFO] RulesReader:64 - Compatibility file has been processed (317 Rules)
2025-12-10 10:11:35,682 [INFO] CADModel:165 - CPN selected for project level
2025-12-10 10:11:35,682 [INFO] CADModel:114 - Register for checkConnection events
2025-12-10 10:11:35,682 [FATAL] Updater:351 - Updater called before beeing initialized
2025-12-10 10:11:35,682 [ERROR] CADModel:125 - Updater not yet initialized, retry later 
2025-12-10 10:11:35,807 [FATAL] Updater:351 - Updater called before beeing initialized
2025-12-10 10:11:35,808 [INFO] CADModel:165 - CPN selected for project level
2025-12-10 10:11:35,808 [INFO] CADModel:114 - Register for checkConnection events
2025-12-10 10:11:35,808 [FATAL] Updater:351 - Updater called before beeing initialized
2025-12-10 10:11:35,808 [ERROR] CADModel:125 - Updater not yet initialized, retry later 
2025-12-10 10:11:35,811 [FATAL] Updater:351 - Updater called before beeing initialized
2025-12-10 10:11:35,895 [FATAL] Updater:351 - Updater called before beeing initialized
2025-12-10 10:11:35,898 [INFO] DbMcusAds:53 - JSON generation date=Mon Dec 08 19:58:10 IST 2025 (1765204090049)
2025-12-10 10:11:35,898 [FATAL] Updater:351 - Updater called before beeing initialized
2025-12-10 10:11:35,930 [WARN] DetailPanel:346 - Failed to get advertising image, set to default
2025-12-10 10:11:35,998 [FATAL] Updater:351 - Updater called before beeing initialized
2025-12-10 10:11:35,999 [FATAL] Updater:351 - Updater called before beeing initialized
2025-12-10 10:11:35,999 [FATAL] Updater:351 - Updater called before beeing initialized
2025-12-10 10:11:35,999 [WARN] DetailPanel:346 - Failed to get advertising image, set to default
2025-12-10 10:11:36,000 [FATAL] Updater:351 - Updater called before beeing initialized
2025-12-10 10:11:36,035 [ERROR] Updater:1198 - MainUpdater not yet initialized. External WinMGr cannot be set.
2025-12-10 10:11:36,037 [INFO] Updater:1134 - Updater Version found : 6.15.0
2025-12-10 10:11:36,049 [INFO] ApplicationProperties:184 - Using Application install path: C:\ST\STM32CubeIDE_1.19.0\STM32CubeIDE\plugins\com.st.stm32cube.common.mx_6.15.0.202507011659
2025-12-10 10:11:37,629 [ERROR] LogOutputStream:75 - [STDERR_REDIRECT] Dec 10, 2025 10:11:37 AM java.util.prefs.WindowsPreferences <init>
2025-12-10 10:11:37,630 [ERROR] LogOutputStream:75 - [STDERR_REDIRECT] WARNING: Could not open/create prefs root node Software\JavaSoft\Prefs at root 0xffffffff80000002. Windows RegCreateKeyEx(...) returned error code 5.
2025-12-10 10:11:37,630 [ERROR] LogOutputStream:75 - [STDERR_REDIRECT] 
2025-12-10 10:11:37,795 [INFO] ThirdPartyUpdaterWithRetryManager:70 - Updater plugin not ready yet. [2/15]
2025-12-10 10:11:37,974 [INFO] MainUpdater:2872 - connection check result : 10
2025-12-10 10:11:37,975 [INFO] MainUpdater:3604 - Updater definition file requires update
2025-12-10 10:11:37,975 [INFO] MainUpdater:289 - Updater Check For Update Now.
2025-12-10 10:11:37,976 [INFO] MicroXplorer:498 - Change Database Version : DB.6.0.150
2025-12-10 10:11:37,981 [INFO] McuFinderGlobals:63 - Set McuFinder mode to 2 (CubeIDE integrated)
2025-12-10 10:11:37,981 [INFO] UserAuth:487 - Internet connection configuration mode: 1
2025-12-10 10:11:37,997 [INFO] JxBrowserEngine:152 - Initiate JxBrowser Engine with user profile folder
2025-12-10 10:11:38,033 [INFO] ServerAccessManage:452 - Complete download http(s) 200
2025-12-10 10:11:38,033 [INFO] ServerAccessManage:509 - Download File updaters.zip
2025-12-10 10:11:38,225 [INFO] FileExtend:248 - Unzip File : updaters.zip
2025-12-10 10:11:38,225 [INFO] FileExtend:263 - Standard Zip Deflate
2025-12-10 10:11:38,547 [INFO] ServerAccessManage:452 - Complete download http(s) 200
2025-12-10 10:11:38,547 [INFO] ServerAccessManage:509 - Download File PacksControlFlags.xml
2025-12-10 10:11:38,660 [INFO] ServerAccessManage:452 - Complete download http(s) 200
2025-12-10 10:11:38,660 [INFO] ServerAccessManage:509 - Download File cubemx.pidx
2025-12-10 10:11:38,742 [INFO] LoadServerUpdatesThread:375 - End of LoadServerUpdate Thread
2025-12-10 10:11:38,909 [INFO] CheckServerUpdateThread:120 - End of CheckServer Thread
2025-12-10 10:11:39,052 [INFO] WebApp:169 - Instantiating new browser for Auth
2025-12-10 10:11:39,665 [INFO] WebApp:463 - Apply proxy settings
2025-12-10 10:11:39,665 [INFO] WebApp:548 - Chromium requires no authentication
2025-12-10 10:11:39,674 [INFO] WebApp:491 - Direct internet connection detected
2025-12-10 10:11:39,692 [INFO] WebApp:900 - Register for checkConnection events
2025-12-10 10:11:39,692 [INFO] WebApp:463 - Apply proxy settings
2025-12-10 10:11:39,692 [INFO] WebApp:548 - Chromium requires no authentication
2025-12-10 10:11:39,693 [INFO] WebApp:491 - Direct internet connection detected
2025-12-10 10:11:39,841 [INFO] WebApp:225 - Starting web application
2025-12-10 10:11:39,842 [INFO] WebApp:593 - Web application path used C:\ST\STM32CubeIDE_1.19.0\STM32CubeIDE\plugins\com.st.stm32cube.common.mx_6.15.0.202507011659\db\plugins\mcufinder\reactClient1\index.html
2025-12-10 10:11:39,976 [INFO] UserAuth:487 - Internet connection configuration mode: 1
2025-12-10 10:11:40,121 [INFO] WebApp:191 - Connection restablished
2025-12-10 10:11:41,039 [WARN] PackLoader:240 - Cannot read IP mode file for STMicroelectronics.FP-SNS-MOTENVWB1.1.4.0
2025-12-10 10:11:41,046 [WARN] PackLoader:240 - Cannot read IP mode file for STMicroelectronics.FP-ATR-ASTRA1.2.0.2
2025-12-10 10:11:41,053 [WARN] PackLoader:240 - Cannot read IP mode file for STMicroelectronics.X-CUBE-SMBUS.2.1.0
2025-12-10 10:11:41,059 [WARN] PackLoader:240 - Cannot read IP mode file for STMicroelectronics.X-CUBE-ST60.1.0.0
2025-12-10 10:11:41,084 [WARN] PackLoader:240 - Cannot read IP mode file for STMicroelectronics.X-CUBE-AZRTOS-F7.1.1.0
2025-12-10 10:11:41,094 [WARN] PackLoader:240 - Cannot read IP mode file for STMicroelectronics.FP-SNS-MOTENV1.5.1.0
2025-12-10 10:11:41,103 [WARN] PackLoader:240 - Cannot read IP mode file for WES.I-CUBE-Cesium.1.4.0
2025-12-10 10:11:41,123 [WARN] PackLoader:240 - Cannot read IP mode file for Infineon.AIROC-Wi-Fi-Bluetooth-STM32.1.7.1
2025-12-10 10:11:41,153 [WARN] PackLoader:240 - Cannot read IP mode file for STMicroelectronics.X-CUBE-AZRTOS-H7.3.4.0
2025-12-10 10:11:41,166 [WARN] PackLoader:240 - Cannot read IP mode file for STMicroelectronics.X-CUBE-DISPLAY.3.0.0
2025-12-10 10:11:41,180 [WARN] PackLoader:240 - Cannot read IP mode file for STMicroelectronics.X-CUBE-NFC10.1.0.0
2025-12-10 10:11:41,186 [WARN] PackLoader:240 - Cannot read IP mode file for STMicroelectronics.X-CUBE-ST60.1.1.0
2025-12-10 10:11:41,194 [WARN] PackLoader:240 - Cannot read IP mode file for emotas.I-CUBE-CANOPEN.1.3.0
2025-12-10 10:11:41,200 [WARN] PackLoader:240 - Cannot read IP mode file for STMicroelectronics.X-CUBE-GNSS1.7.1.0
2025-12-10 10:11:41,207 [WARN] PackLoader:240 - Cannot read IP mode file for STMicroelectronics.FP-SNS-STBOX1.2.1.0
2025-12-10 10:11:41,214 [WARN] PackLoader:240 - Cannot read IP mode file for STMicroelectronics.FP-SNS-SMARTAG2.1.2.0
2025-12-10 10:11:41,218 [WARN] PackLoader:240 - Cannot read IP mode file for STMicroelectronics.FP-SNS-FLIGHT1.5.1.0
2025-12-10 10:11:41,227 [INFO] LogOutputStream:77 - [STDOUT_REDIRECT] 1 : Invalid condition id : UX_CORESTACK_Condition cause : null
2025-12-10 10:11:41,227 [INFO] LogOutputStream:77 - [STDOUT_REDIRECT] 1 : Invalid condition id : UX_CORESTACK_Condition cause : null
2025-12-10 10:11:41,228 [INFO] LogOutputStream:77 - [STDOUT_REDIRECT] 1 : Invalid condition id : UX_CORESTACK_Condition cause : null
2025-12-10 10:11:41,228 [INFO] LogOutputStream:77 - [STDOUT_REDIRECT] 1 : Invalid condition id : UX_CORESTACK_Condition cause : null
2025-12-10 10:11:41,229 [INFO] LogOutputStream:77 - [STDOUT_REDIRECT] 1 : Invalid condition id : UX_CORESTACK_Condition cause : null
2025-12-10 10:11:41,231 [WARN] PackLoader:240 - Cannot read IP mode file for STMicroelectronics.X-CUBE-AZRTOS-WL.2.0.0
2025-12-10 10:11:41,235 [WARN] PackLoader:240 - Cannot read IP mode file for STMicroelectronics.FP-SNS-MOTENV1.5.0.0
2025-12-10 10:11:41,252 [WARN] PackLoader:240 - Cannot read IP mode file for STMicroelectronics.X-CUBE-AZRTOS-H7RS.1.2.0
2025-12-10 10:11:41,259 [WARN] PackLoader:240 - Cannot read IP mode file for STMicroelectronics.X-CUBE-BLE2.3.3.0
2025-12-10 10:11:41,281 [WARN] PackLoader:240 - Cannot read IP mode file for STMicroelectronics.X-CUBE-NFC9.1.0.0
2025-12-10 10:11:41,288 [WARN] PackLoader:240 - Cannot read IP mode file for wolfSSL.I-CUBE-wolfSSL.5.8.2
2025-12-10 10:11:41,294 [WARN] PackLoader:240 - Cannot read IP mode file for STMicroelectronics.X-CUBE-BLE1.7.1.0
2025-12-10 10:11:41,299 [WARN] PackLoader:240 - Cannot read IP mode file for wolfSSL.I-CUBE-wolfMQTT.1.19.2
2025-12-10 10:11:41,307 [WARN] PackLoader:240 - Cannot read IP mode file for STMicroelectronics.X-CUBE-FREERTOS.1.4.0
2025-12-10 10:11:41,314 [WARN] PackLoader:240 - Cannot read IP mode file for STMicroelectronics.X-CUBE-EEPRMA1.5.2.0
2025-12-10 10:11:41,323 [WARN] PackLoader:240 - Cannot read IP mode file for STMicroelectronics.X-CUBE-ST67W61.1.1.0
2025-12-10 10:11:41,372 [WARN] PackLoader:240 - Cannot read IP mode file for STMicroelectronics.X-CUBE-MEMS1.12.0.0
2025-12-10 10:11:41,462 [WARN] PackLoader:240 - Cannot read IP mode file for STMicroelectronics.X-CUBE-AZRTOS-G0.1.1.0
2025-12-10 10:11:41,470 [WARN] PackLoader:240 - Cannot read IP mode file for STMicroelectronics.X-CUBE-SAFEA1.1.2.2
2025-12-10 10:11:41,477 [WARN] PackLoader:240 - Cannot read IP mode file for STMicroelectronics.X-CUBE-NFC4.3.0.0
2025-12-10 10:11:41,488 [WARN] PackLoader:240 - Cannot read IP mode file for EmbeddedOffice.I-CUBE-FS-RTOS.1.0.1
2025-12-10 10:11:41,499 [WARN] PackLoader:240 - Cannot read IP mode file for STMicroelectronics.X-CUBE-WB05N.2.0.0
2025-12-10 10:11:41,505 [WARN] PackLoader:240 - Cannot read IP mode file for wolfSSL.I-CUBE-wolfTPM.3.8.0
2025-12-10 10:11:41,511 [WARN] PackLoader:240 - Cannot read IP mode file for STMicroelectronics.X-CUBE-TCPP.4.2.0
2025-12-10 10:11:41,521 [WARN] PackLoader:240 - Cannot read IP mode file for RealThread.X-CUBE-RT-Thread_Nano.4.1.1
2025-12-10 10:11:41,526 [WARN] PackLoader:240 - Cannot read IP mode file for STMicroelectronics.FP-ATR-SIGFOX1.3.2.0
2025-12-10 10:11:41,538 [WARN] PackLoader:240 - Cannot read IP mode file for ITTIA_DB.I-CUBE-ITTIADB.8.9.0
2025-12-10 10:11:41,545 [WARN] PackLoader:240 - Cannot read IP mode file for STMicroelectronics.X-CUBE-ST67W61.1.0.0
2025-12-10 10:11:41,553 [WARN] PackLoader:240 - Cannot read IP mode file for STMicroelectronics.X-CUBE-AI.10.2.0
2025-12-10 10:11:41,575 [WARN] PackLoader:240 - Cannot read IP mode file for SEGGER.I-CUBE-embOS.1.3.1
2025-12-10 10:11:41,623 [WARN] PackLoader:240 - Cannot read IP mode file for STMicroelectronics.X-CUBE-ALGOBUILD.1.4.0
2025-12-10 10:11:41,675 [WARN] PackLoader:240 - Cannot read IP mode file for STMicroelectronics.X-CUBE-MEMS1.11.3.0
2025-12-10 10:11:41,779 [WARN] PackLoader:240 - Cannot read IP mode file for STMicroelectronics.X-CUBE-PM33A1.1.0.0
2025-12-10 10:11:41,798 [WARN] PackLoader:240 - Cannot read IP mode file for STMicroelectronics.X-CUBE-AZRTOS-F4.1.1.0
2025-12-10 10:11:41,807 [WARN] PackLoader:240 - Cannot read IP mode file for Avnet-IotConnect.X-CUBE-IoTC-DA16k-PMOD.1.0.0
2025-12-10 10:11:41,813 [WARN] PackLoader:240 - Cannot read IP mode file for STMicroelectronics.X-CUBE-ISPU.2.1.0
2025-12-10 10:11:41,829 [WARN] PackLoader:240 - Cannot read IP mode file for STMicroelectronics.X-CUBE-IPS.3.2.0
2025-12-10 10:11:41,841 [WARN] PackLoader:240 - Cannot read IP mode file for STMicroelectronics.X-CUBE-NFC12.1.0.0
2025-12-10 10:11:41,858 [WARN] PackLoader:240 - Cannot read IP mode file for STMicroelectronics.X-CUBE-AZRTOS-L5.2.0.0
2025-12-10 10:11:41,869 [WARN] PackLoader:240 - Cannot read IP mode file for STMicroelectronics.X-CUBE-NFC6.3.1.0
2025-12-10 10:11:41,879 [WARN] PackLoader:240 - Cannot read IP mode file for STMicroelectronics.X-CUBE-FREERTOS.1.3.1
2025-12-10 10:11:41,887 [WARN] PackLoader:240 - Cannot read IP mode file for STMicroelectronics.X-CUBE-TOUCHGFX.4.26.0
2025-12-10 10:11:41,898 [WARN] PackLoader:240 - Cannot read IP mode file for STMicroelectronics.FP-SNS-STAIOTCFT.1.0.0
2025-12-10 10:11:41,905 [WARN] PackLoader:240 - Cannot read IP mode file for STMicroelectronics.X-CUBE-DPower.1.3.0
2025-12-10 10:11:41,924 [WARN] ConditionMgr:438 - getConditionDescription Invalid condition id : LAN8742 Phy interface Condition cause : null
2025-12-10 10:11:41,925 [WARN] PackLoader:240 - Cannot read IP mode file for STMicroelectronics.X-CUBE-AZRTOS-L4.2.0.0
2025-12-10 10:11:41,925 [WARN] ConditionMgr:1044 - genDependencies : Invalid condition id : LAN8742 Phy interface Condition cause : null
2025-12-10 10:11:41,926 [WARN] ConditionMgr:1044 - genDependencies : Invalid condition id : LAN8742 Phy interface Condition cause : null
2025-12-10 10:11:41,926 [WARN] ConditionMgr:1044 - genDependencies : Invalid condition id : LAN8742 Phy interface Condition cause : null
2025-12-10 10:11:41,935 [WARN] PackLoader:240 - Cannot read IP mode file for STMicroelectronics.X-CUBE-SFXS2LP1.4.0.0
2025-12-10 10:11:41,945 [WARN] PackLoader:240 - Cannot read IP mode file for STMicroelectronics.X-CUBE-BLEMGR.4.1.0
2025-12-10 10:11:41,959 [WARN] ConditionMgr:438 - getConditionDescription Invalid condition id : UX DEVICE CLASS RTOS Condition cause : null
2025-12-10 10:11:41,959 [WARN] ConditionMgr:438 - getConditionDescription Invalid condition id : UX DEVICE CLASS RTOS Condition cause : null
2025-12-10 10:11:41,961 [WARN] PackLoader:240 - Cannot read IP mode file for STMicroelectronics.X-CUBE-AZRTOS-WB.2.0.0
2025-12-10 10:11:41,962 [WARN] ConditionMgr:1044 - genDependencies : Invalid condition id : UX DEVICE CLASS RTOS Condition cause : null
2025-12-10 10:11:41,962 [WARN] ConditionMgr:1044 - genDependencies : Invalid condition id : UX DEVICE CLASS RTOS Condition cause : null
2025-12-10 10:11:41,962 [WARN] ConditionMgr:1044 - genDependencies : Invalid condition id : UX DEVICE CLASS RTOS Condition cause : null
2025-12-10 10:11:41,963 [WARN] ConditionMgr:1044 - genDependencies : Invalid condition id : UX DEVICE CLASS RTOS Condition cause : null
2025-12-10 10:11:41,963 [WARN] ConditionMgr:1044 - genDependencies : Invalid condition id : UX DEVICE CLASS RTOS Condition cause : null
2025-12-10 10:11:41,969 [WARN] PackLoader:240 - Cannot read IP mode file for STMicroelectronics.X-CUBE-GNSS1.7.0.1
2025-12-10 10:11:41,974 [WARN] PackLoader:240 - Cannot read IP mode file for STMicroelectronics.X-CUBE-TOUCHGFX.4.25.0
2025-12-10 10:11:41,979 [WARN] ConditionMgr:438 - getConditionDescription Invalid condition id : Cortex-A Device cause : null
2025-12-10 10:11:41,989 [WARN] ConditionMgr:1044 - genDependencies : Invalid condition id : Cortex-A Device cause : null
2025-12-10 10:11:41,990 [WARN] ConditionMgr:1044 - genDependencies : Invalid condition id : Cortex-A Device cause : null
2025-12-10 10:11:41,990 [WARN] ConditionMgr:1044 - genDependencies : Invalid condition id : Cortex-A Device cause : null
2025-12-10 10:11:41,999 [WARN] PackLoader:240 - Cannot read IP mode file for STMicroelectronics.X-CUBE-SUBG2.5.0.0
2025-12-10 10:11:42,018 [WARN] PackLoader:240 - Cannot read IP mode file for STMicroelectronics.X-CUBE-AZRTOS-H7RS.1.1.0
2025-12-10 10:11:42,028 [WARN] PackLoader:240 - Cannot read IP mode file for Cesanta.I-CUBE-Mongoose.7.13.0
2025-12-10 10:11:42,039 [WARN] PackLoader:240 - Cannot read IP mode file for STMicroelectronics.X-CUBE-AZRTOS-G4.2.0.0
2025-12-10 10:11:42,046 [WARN] PackLoader:240 - Cannot read IP mode file for wolfSSL.I-CUBE-wolfSSH.1.4.20
2025-12-10 10:11:42,052 [WARN] PackLoader:240 - Cannot read IP mode file for STMicroelectronics.X-CUBE-NFC7.2.0.0
2025-12-10 10:11:42,062 [WARN] PackLoader:240 - Cannot read IP mode file for STMicroelectronics.X-CUBE-IPS.3.1.0
2025-12-10 10:11:42,070 [WARN] PackLoader:240 - Cannot read IP mode file for STMicroelectronics.X-CUBE-ALS.1.0.2
2025-12-10 10:11:42,079 [WARN] PackLoader:240 - Cannot read IP mode file for STMicroelectronics.X-CUBE-STSE01.1.0.0
2025-12-10 10:11:42,089 [WARN] PackLoader:240 - Cannot read IP mode file for STMicroelectronics.X-CUBE-TOF1.3.4.3
2025-12-10 10:11:42,097 [INFO] ThirdParty:978 - Integrity check success = true
2025-12-10 10:11:42,097 [INFO] IntegrityCheckThread:100 - exiting critical section [integrity check]
2025-12-10 10:11:42,097 [INFO] IntegrityCheckThread:103 - End integrity checks thread
2025-12-10 11:30:28,702 [INFO] WebApp:403 - JxBrowser engine has been closed 
